生成启动时间为 2015/5/25 1:41:36。
     1>项目“J:\network\demo01\server\Server\Server\Server.vcxproj”在节点 2 上(Build 个目标)。
     1>ClCompile:
         C:\Program Files (x86)\Microsoft Visual Studio 12.0\VC\bin\CL.exe /c /ZI /nologo /W3 /WX- /sdl /Od /Oy- /D _MBCS /Gm /EHsc /RTC1 /MDd /GS /fp:precise /Zc:wchar_t /Zc:forScope /Fo"Debug\\" /Fd"Debug\vc120.pdb" /Gd /TP /analyze- /errorReport:prompt ProtoMsg.cpp
         ProtoMsg.cpp
       Link:
         C:\Program Files (x86)\Microsoft Visual Studio 12.0\VC\bin\link.exe /ERRORREPORT:PROMPT /OUT:"J:\network\demo01\server\Server\Debug\Server.exe" /INCREMENTAL /NOLOGO kernel32.lib user32.lib gdi32.lib winspool.lib comdlg32.lib advapi32.lib shell32.lib ole32.lib oleaut32.lib uuid.lib odbc32.lib odbccp32.lib /MANIFEST /MANIFESTUAC:"level='asInvoker' uiAccess='false'" /manifest:embed /DEBUG /PDB:"J:\network\demo01\server\Server\Debug\Server.pdb" /TLBID:1 /DYNAMICBASE /NXCOMPAT /IMPLIB:"J:\network\demo01\server\Server\Debug\Server.lib" /MACHINE:X86 Debug\AsyncSocket.obj
         Debug\BaseSocket.obj
         Debug\CriticalSection.obj
         Debug\Hero.obj
         Debug\Lock.obj
         Debug\Main.obj
         Debug\NetManager.obj
         Debug\Player.obj
         Debug\PlayerManager.obj
         Debug\ProtoMsg.obj
         Debug\RoleData.obj
         Debug\SocketManager.obj
         Debug\SyncSocket.obj
         Debug\Thread.obj
         Server.vcxproj -> J:\network\demo01\server\Server\Debug\Server.exe
     1>已完成生成项目“J:\network\demo01\server\Server\Server\Server.vcxproj”(Build 个目标)的操作。

生成成功。

已用时间 00:00:01.94
